# JRE version: Java(TM) SE Runtime Environment (17.0.2+8) (build 17.0.2+8-LTS-86)
# Java VM: Java HotSpot(TM) 64-Bit Server VM (17.0.2+8-LTS-86, mixed mode, emulated-client, sharing, tiered, compressed oops, compressed class ptrs, g1 gc, windows-amd64)
GC Precious Log:
 CPUs: 16 total, 16 available
 Memory: 7436M
 Large Page Support: Disabled
 NUMA Support: Disabled
 Compressed Oops: Enabled (32-bit)
 Heap Region Size: 1M
 Heap Min Capacity: 8M
 Heap Initial Capacity: 118M
 Heap Max Capacity: 1860M
 Pre-touch: Disabled
 Parallel Workers: 13
 Concurrent Workers: 3
 Concurrent Refinement Workers: 13
 Periodic GC: Disabled
Heap:
 garbage-first heap   total 61440K, used 30957K [0x000000008bc00000, 0x0000000100000000)
  region size 1024K, 14 young (14336K), 4 survivors (4096K)
 Metaspace       used 44491K, committed 44928K, reserved 1089536K
  class space    used 6371K, committed 6592K, reserved 1048576K
GC Heap History (16 events):
Event: 0.663 GC heap before
{Heap before GC invocations=0 (full 0):
 garbage-first heap   total 120832K, used 23552K [0x000000008bc00000, 0x0000000100000000)
  region size 1024K, 23 young (23552K), 0 survivors (0K)
 Metaspace       used 7616K, committed 7808K, reserved 1056768K
  class space    used 974K, committed 1088K, reserved 1048576K
}
Event: 0.670 GC heap after
{Heap after GC invocations=1 (full 0):
 garbage-first heap   total 120832K, used 8000K [0x000000008bc00000, 0x0000000100000000)
  region size 1024K, 3 young (3072K), 3 survivors (3072K)
 Metaspace       used 7616K, committed 7808K, reserved 1056768K
  class space    used 974K, committed 1088K, reserved 1048576K
}
Event: 1.002 GC heap before
{Heap before GC invocations=1 (full 0):
 garbage-first heap   total 120832K, used 33600K [0x000000008bc00000, 0x0000000100000000)
  region size 1024K, 28 young (28672K), 3 survivors (3072K)
 Metaspace       used 13196K, committed 13440K, reserved 1064960K
  class space    used 1733K, committed 1856K, reserved 1048576K
}
Event: 1.006 GC heap after
{Heap after GC invocations=2 (full 0):
 garbage-first heap   total 120832K, used 10275K [0x000000008bc00000, 0x0000000100000000)
  region size 1024K, 3 young (3072K), 3 survivors (3072K)
 Metaspace       used 13196K, committed 13440K, reserved 1064960K
  class space    used 1733K, committed 1856K, reserved 1048576K
}
Event: 1.742 GC heap before
{Heap before GC invocations=2 (full 0):
 garbage-first heap   total 120832K, used 67619K [0x000000008bc00000, 0x0000000100000000)
  region size 1024K, 60 young (61440K), 3 survivors (3072K)
 Metaspace       used 21268K, committed 21504K, reserved 1073152K
  class space    used 2887K, committed 3008K, reserved 1048576K
}
Event: 1.750 GC heap after
{Heap after GC invocations=3 (full 0):
 garbage-first heap   total 120832K, used 14142K [0x000000008bc00000, 0x0000000100000000)
  region size 1024K, 6 young (6144K), 6 survivors (6144K)
 Metaspace       used 21268K, committed 21504K, reserved 1073152K
  class space    used 2887K, committed 3008K, reserved 1048576K
}
Event: 2.149 GC heap before
{Heap before GC invocations=4 (full 0):
 garbage-first heap   total 51200K, used 38718K [0x000000008bc00000, 0x0000000100000000)
  region size 1024K, 30 young (30720K), 6 survivors (6144K)
 Metaspace       used 24910K, committed 25344K, reserved 1073152K
  class space    used 3492K, committed 3712K, reserved 1048576K
}
Event: 2.162 GC heap after
{Heap after GC invocations=5 (full 0):
 garbage-first heap   total 51200K, used 16766K [0x000000008bc00000, 0x0000000100000000)
  region size 1024K, 3 young (3072K), 3 survivors (3072K)
 Metaspace       used 24910K, committed 25344K, reserved 1073152K
  class space    used 3492K, committed 3712K, reserved 1048576K
}
Event: 2.492 GC heap before
{Heap before GC invocations=5 (full 0):
 garbage-first heap   total 51200K, used 35198K [0x000000008bc00000, 0x0000000100000000)
  region size 1024K, 21 young (21504K), 3 survivors (3072K)
 Metaspace       used 27818K, committed 28288K, reserved 1073152K
  class space    used 3866K, committed 4096K, reserved 1048576K
}
Event: 2.495 GC heap after
{Heap after GC invocations=6 (full 0):
 garbage-first heap   total 61440K, used 18506K [0x000000008bc00000, 0x0000000100000000)
  region size 1024K, 2 young (2048K), 2 survivors (2048K)
 Metaspace       used 27818K, committed 28288K, reserved 1073152K
  class space    used 3866K, committed 4096K, reserved 1048576K
}
Event: 3.054 GC heap before
{Heap before GC invocations=6 (full 0):
 garbage-first heap   total 61440K, used 42058K [0x000000008bc00000, 0x0000000100000000)
  region size 1024K, 26 young (26624K), 2 survivors (2048K)
 Metaspace       used 34205K, committed 34624K, reserved 1081344K
  class space    used 4806K, committed 4992K, reserved 1048576K
}
Event: 3.057 GC heap after
{Heap after GC invocations=7 (full 0):
 garbage-first heap   total 61440K, used 19663K [0x000000008bc00000, 0x0000000100000000)
  region size 1024K, 3 young (3072K), 3 survivors (3072K)
 Metaspace       used 34205K, committed 34624K, reserved 1081344K
  class space    used 4806K, committed 4992K, reserved 1048576K
}
Event: 3.114 GC heap before
{Heap before GC invocations=7 (full 0):
 garbage-first heap   total 61440K, used 21711K [0x000000008bc00000, 0x0000000100000000)
  region size 1024K, 7 young (7168K), 3 survivors (3072K)
 Metaspace       used 35541K, committed 35968K, reserved 1081344K
  class space    used 4929K, committed 5120K, reserved 1048576K
}
Event: 3.116 GC heap after
{Heap after GC invocations=8 (full 0):
 garbage-first heap   total 61440K, used 19994K [0x000000008bc00000, 0x0000000100000000)
  region size 1024K, 2 young (2048K), 2 survivors (2048K)
 Metaspace       used 35541K, committed 35968K, reserved 1081344K
  class space    used 4929K, committed 5120K, reserved 1048576K
}
Event: 3.547 GC heap before
{Heap before GC invocations=9 (full 0):
 garbage-first heap   total 61440K, used 44570K [0x000000008bc00000, 0x0000000100000000)
  region size 1024K, 27 young (27648K), 2 survivors (2048K)
 Metaspace       used 42055K, committed 42496K, reserved 1089536K
  class space    used 5938K, committed 6144K, reserved 1048576K
}
Event: 3.550 GC heap after
{Heap after GC invocations=10 (full 0):
 garbage-first heap   total 61440K, used 21741K [0x000000008bc00000, 0x0000000100000000)
  region size 1024K, 4 young (4096K), 4 survivors (4096K)
 Metaspace       used 42055K, committed 42496K, reserved 1089536K
  class space    used 5938K, committed 6144K, reserved 1048576K
}

